<?xml version="1.0" encoding="UTF-8"?>
<testng-results ignored="0" total="1" passed="1" failed="0" skipped="0">
  <reporter-output>
  </reporter-output>
  <suite started-at="2024-02-08T01:32:49 IST" name="Suite" finished-at="2024-02-08T01:33:05 IST" duration-ms="16188">
    <groups>
    </groups>
    <test started-at="2024-02-08T01:32:49 IST" name="bankdemo" finished-at="2024-02-08T01:33:05 IST" duration-ms="16188">
      <class name="com.bankdemo.testcases.TC_LoginTest_001">
        <test-method is-config="true" signature="setUp(java.lang.String)[pri:0, instance:com.bankdemo.testcases.TC_LoginTest_001@d86a6f]" started-at="2024-02-08T01:32:49 IST" name="setUp" finished-at="2024-02-08T01:32:59 IST" duration-ms="10825" status="PASS">
          <params>
            <param index="0">
              <value>
                <![CDATA[chrome]]>
              </value>
            </param>
          </params>
          <reporter-output>
          </reporter-output>
        </test-method> <!-- setUp -->
        <test-method signature="loginTest()[pri:0, instance:com.bankdemo.testcases.TC_LoginTest_001@d86a6f]" started-at="2024-02-08T01:32:59 IST" name="loginTest" finished-at="2024-02-08T01:33:03 IST" duration-ms="3636" status="PASS">
          <reporter-output>
          </reporter-output>
        </test-method> <!-- loginTest -->
        <test-method is-config="true" signature="tearDown()[pri:0, instance:com.bankdemo.testcases.TC_LoginTest_001@d86a6f]" started-at="2024-02-08T01:33:03 IST" name="tearDown" finished-at="2024-02-08T01:33:05 IST" duration-ms="1634" status="PASS">
          <reporter-output>
          </reporter-output>
        </test-method> <!-- tearDown -->
      </class> <!-- com.bankdemo.testcases.TC_LoginTest_001 -->
    </test> <!-- bankdemo -->
  </suite> <!-- Suite -->
</testng-results>
